Test Run Start: scl_test
==================================================

TEST: scl_test/Step7_Functions/All Functions/Barcode/Code 128.scl
--------------------------------------------------
Expectation: Transpilation and Unit Test should pass.
SCL File: scl_test/Step7_Functions/All Functions/Barcode/Code 128.scl
SCL Header:
FUNCTION_BLOCK "Code 128"
{ S7_Optimized_Access := 'TRUE' }
VERSION : 0.1
   VAR_INPUT
      partNumber : String;
...

Test Output:
Transpilation: FAILED

==================================================

TEST: scl_test/Step7_Functions/All Functions/Code_128/Code_128.String_to_Code.scl
--------------------------------------------------
Expectation: Transpilation and Unit Test should pass.
SCL File: scl_test/Step7_Functions/All Functions/Code_128/Code_128.String_to_Code.scl
SCL Header:
FUNCTION "Array.Any.Length" : UDInt
{ S7_Optimized_Access := 'TRUE' }
VERSION : 0.1
   VAR_INPUT
      "array" : Variant;
...

Test Output:
Transpilation: FAILED

==================================================

TEST: scl_test/Step7_Functions/All Functions/DWord/DWord.To_String.scl
--------------------------------------------------
Expectation: Transpilation and Unit Test should pass.
SCL File: scl_test/Step7_Functions/All Functions/DWord/DWord.To_String.scl
SCL Header:
FUNCTION "String.Trim" : String
{ S7_Optimized_Access := 'TRUE' }
AUTHOR : Machado
FAMILY : 'String'
VERSION : 1.0
...

Test Output:
Transpilation: FAILED

==================================================

TEST: scl_test/Step7_Functions/All Functions/Data Structures/Stack.scl
--------------------------------------------------
Expectation: Transpilation and Unit Test should pass.
SCL File: scl_test/Step7_Functions/All Functions/Data Structures/Stack.scl
SCL Header:
TYPE "Stack_Int.Commands"
VERSION : 0.1
   STRUCT
      initialize : Bool;
      pop : Bool;
...

Test Output:
Transpilation: FAILED

==================================================

TEST: scl_test/Step7_Functions/All Functions/Data Structures/Queue.scl
--------------------------------------------------
Expectation: Transpilation and Unit Test should pass.
SCL File: scl_test/Step7_Functions/All Functions/Data Structures/Queue.scl
SCL Header:
TYPE "Queue_Stack_Int.Input_Data"
VERSION : 0.1
   STRUCT
      element : Int;
   END_STRUCT;
...

Test Output:
Transpilation: FAILED

==================================================

TEST: scl_test/Step7_Functions/All Functions/Data Structures/Linked List.scl
--------------------------------------------------
Expectation: Transpilation and Unit Test should pass.
SCL File: scl_test/Step7_Functions/All Functions/Data Structures/Linked List.scl
SCL Header:
TYPE "Linked List: Node: Data"
VERSION : 0.1
   STRUCT
      place_holder : Int;
   END_STRUCT;
...

Test Output:
Transpilation: FAILED

==================================================

TEST: scl_test/Step7_Functions/All Functions/Table Navigation/Table Navigation General.scl
--------------------------------------------------
Expectation: Transpilation and Unit Test should pass.
SCL File: scl_test/Step7_Functions/All Functions/Table Navigation/Table Navigation General.scl
SCL Header:
TYPE "PB Data: Graphic/Text List"
VERSION : 0.1
   STRUCT
      actuate : Bool;
      animate : USInt;
...

Test Output:
Transpilation: FAILED

==================================================

TEST: scl_test/Step7_Functions/All Functions/Byte/Byte.To_String.scl
--------------------------------------------------
Expectation: Transpilation and Unit Test should pass.
SCL File: scl_test/Step7_Functions/All Functions/Byte/Byte.To_String.scl
SCL Header:
FUNCTION "String.Trim" : String
{ S7_Optimized_Access := 'TRUE' }
AUTHOR : Machado
FAMILY : 'String'
VERSION : 1.0
...

Test Output:
Transpilation: FAILED

==================================================

TEST: scl_test/Step7_Functions/All Functions/Byte/Byte.Array.Shift.scl
--------------------------------------------------
Expectation: Transpilation and Unit Test should pass.
SCL File: scl_test/Step7_Functions/All Functions/Byte/Byte.Array.Shift.scl
SCL Header:
FUNCTION "Array.Any.Length" : UDInt
{ S7_Optimized_Access := 'TRUE' }
VERSION : 0.1
   VAR_INPUT
      "array" : Variant;
...

Test Output:
Transpilation: FAILED

==================================================

TEST: scl_test/Step7_Functions/All Functions/Int/Int.PseudoRandom.scl
--------------------------------------------------
Expectation: Transpilation and Unit Test should pass.
SCL File: scl_test/Step7_Functions/All Functions/Int/Int.PseudoRandom.scl
SCL Header:
FUNCTION_BLOCK "Int.PseudoRandom"
TITLE = Pseudo Random Int Generator
{ S7_Optimized_Access := 'TRUE' }
AUTHOR : Machado
FAMILY : 'Int'
...

Test Output:
Transpilation: FAILED

==================================================

TEST: scl_test/Step7_Functions/All Functions/Int/Int.Summation.scl
--------------------------------------------------
Expectation: Transpilation and Unit Test should pass.
SCL File: scl_test/Step7_Functions/All Functions/Int/Int.Summation.scl
SCL Header:
FUNCTION "Int.Summation" : UDInt
{ S7_Optimized_Access := 'TRUE' }
VERSION : 0.1
   VAR_INPUT
      start_index : Int;
...

Test Output:
Transpilation: FAILED

==================================================

TEST: scl_test/Step7_Functions/All Functions/Time/WString to Time.scl
--------------------------------------------------
Expectation: Transpilation and Unit Test should pass.
SCL File: scl_test/Step7_Functions/All Functions/Time/WString to Time.scl
SCL Header:
FUNCTION "WString to Time" : Time
{ S7_Optimized_Access := 'TRUE' }
VERSION : 0.1
   VAR_INPUT
      "WString" : WString;
...

Test Output:
Transpilation: FAILED

==================================================

TEST: scl_test/Step7_Functions/All Functions/Time/Time to WString.scl
--------------------------------------------------
Expectation: Transpilation and Unit Test should pass.
SCL File: scl_test/Step7_Functions/All Functions/Time/Time to WString.scl
SCL Header:
FUNCTION "Time to WString" : WString
{ S7_Optimized_Access := 'TRUE' }
VERSION : 0.1
   VAR_INPUT
      "Time" : Time;
...

Test Output:
Transpilation: FAILED

==================================================

TEST: scl_test/Step7_Functions/All Functions/Time/Real to WString Timer.scl
--------------------------------------------------
Expectation: Transpilation and Unit Test should pass.
SCL File: scl_test/Step7_Functions/All Functions/Time/Real to WString Timer.scl
SCL Header:
FUNCTION "Real to WString Timer" : WString
{ S7_Optimized_Access := 'TRUE' }
VERSION : 0.1
   VAR_INPUT
      realVal : Real;
...

Test Output:
Transpilation: SUCCESS
F
======================================================================
FAIL: test_run (__main__.Test_Real_to_WString_Timer.test_run)
----------------------------------------------------------------------
Traceback (most recent call last):
  File "/app/scl_test/tests/test_Real_to_WString_Timer.py", line 70, in test_run
    func(context, global_dbs)
  File "/app/scl_test/transpiled/Real_to_WString_Timer.py", line 10, in Real_to_WString_Timer
    context['Real to WString Timer'] = Time_to_WString(DINT_TO_TIME(REAL_TO_DINT((context['realVal'] * context['msPerSec']))))
                                       ^^^^^^^^^^^^^^^
NameError: name 'Time_to_WString' is not defined

During handling of the above exception, another exception occurred:

Traceback (most recent call last):
  File "/app/scl_test/tests/test_Real_to_WString_Timer.py", line 73, in test_run
    self.fail(f"Execution failed: {e}")
AssertionError: Execution failed: name 'Time_to_WString' is not defined

----------------------------------------------------------------------
Ran 1 test in 0.009s

FAILED (failures=1)

RESULT: FAILED

==================================================

TEST: scl_test/Step7_Functions/All Functions/Time/WString Timer to Real.scl
--------------------------------------------------
Expectation: Transpilation and Unit Test should pass.
SCL File: scl_test/Step7_Functions/All Functions/Time/WString Timer to Real.scl
SCL Header:
FUNCTION "WString Timer to Real" : Real
{ S7_Optimized_Access := 'TRUE' }
VERSION : 0.1
   VAR_INPUT
      "wstring" : WString;
...

Test Output:
Transpilation: SUCCESS
F
======================================================================
FAIL: test_run (__main__.Test_WString_Timer_to_Real.test_run)
----------------------------------------------------------------------
Traceback (most recent call last):
  File "/app/scl_test/tests/test_WString_Timer_to_Real.py", line 70, in test_run
    func(context, global_dbs)
  File "/app/scl_test/transpiled/WString_Timer_to_Real.py", line 10, in WString_Timer_to_Real
    context['WString Timer to Real'] = (DINT_TO_REAL(TIME_TO_DINT(WString_to_Time(context['wstring']))) / context['msPerSec'])
                                                                  ^^^^^^^^^^^^^^^
NameError: name 'WString_to_Time' is not defined

During handling of the above exception, another exception occurred:

Traceback (most recent call last):
  File "/app/scl_test/tests/test_WString_Timer_to_Real.py", line 73, in test_run
    self.fail(f"Execution failed: {e}")
AssertionError: Execution failed: name 'WString_to_Time' is not defined

----------------------------------------------------------------------
Ran 1 test in 0.009s

FAILED (failures=1)

RESULT: FAILED

==================================================

TEST: scl_test/Step7_Functions/All Functions/Array/Int/Int[].Fill.scl
--------------------------------------------------
Expectation: Transpilation and Unit Test should pass.
SCL File: scl_test/Step7_Functions/All Functions/Array/Int/Int[].Fill.scl
SCL Header:
FUNCTION "Int[].Fill" : Void
{ S7_Optimized_Access := 'TRUE' }
VERSION : 0.1
   VAR_INPUT
      value : Int;   // value that will fill array
...

Test Output:
Transpilation: SUCCESS
F
======================================================================
FAIL: test_run (__main__.Test_Int___Fill.test_run)
----------------------------------------------------------------------
Traceback (most recent call last):
  File "/app/scl_test/tests/test_Int___Fill.py", line 70, in test_run
    func(context, global_dbs)
  File "/app/scl_test/transpiled/Int___Fill.py", line 12, in Int___Fill
    context['size'] = UDINT_TO_DINT(Int___CountOfElements(context['data']))
                                    ^^^^^^^^^^^^^^^^^^^^^
NameError: name 'Int___CountOfElements' is not defined

During handling of the above exception, another exception occurred:

Traceback (most recent call last):
  File "/app/scl_test/tests/test_Int___Fill.py", line 73, in test_run
    self.fail(f"Execution failed: {e}")
AssertionError: Execution failed: name 'Int___CountOfElements' is not defined

----------------------------------------------------------------------
Ran 1 test in 0.009s

FAILED (failures=1)

RESULT: FAILED

==================================================

TEST: scl_test/Step7_Functions/All Functions/Array/Int/Int[].IsFull.scl
--------------------------------------------------
Expectation: Transpilation and Unit Test should pass.
SCL File: scl_test/Step7_Functions/All Functions/Array/Int/Int[].IsFull.scl
SCL Header:
FUNCTION "Int[].IsFull" : Bool
{ S7_Optimized_Access := 'TRUE' }
VERSION : 0.1
   VAR_INPUT
      "array" : Array[*] of Int;   // array to be checked
...

Test Output:
Transpilation: SUCCESS
F
======================================================================
FAIL: test_run (__main__.Test_Int___IsFull.test_run)
----------------------------------------------------------------------
Traceback (most recent call last):
  File "/app/scl_test/tests/test_Int___IsFull.py", line 70, in test_run
    func(context, global_dbs)
  File "/app/scl_test/transpiled/Int___IsFull.py", line 16, in Int___IsFull
    context['size'] = UDINT_TO_DINT(Int___CountOfElements(context['array']))
                                    ^^^^^^^^^^^^^^^^^^^^^
NameError: name 'Int___CountOfElements' is not defined

During handling of the above exception, another exception occurred:

Traceback (most recent call last):
  File "/app/scl_test/tests/test_Int___IsFull.py", line 73, in test_run
    self.fail(f"Execution failed: {e}")
AssertionError: Execution failed: name 'Int___CountOfElements' is not defined

----------------------------------------------------------------------
Ran 1 test in 0.008s

FAILED (failures=1)

RESULT: FAILED

==================================================

TEST: scl_test/Step7_Functions/All Functions/Array/Int/Int[].IsEmpty.scl
--------------------------------------------------
Expectation: Transpilation and Unit Test should pass.
SCL File: scl_test/Step7_Functions/All Functions/Array/Int/Int[].IsEmpty.scl
SCL Header:
FUNCTION "Int[].IsEmpty" : Bool
{ S7_Optimized_Access := 'TRUE' }
VERSION : 0.1
   VAR_INPUT
      "array" : Array[*] of Int;   // array to be checked
...

Test Output:
Transpilation: FAILED

==================================================

TEST: scl_test/Step7_Functions/All Functions/Array/Int/Int[].Swap.scl
--------------------------------------------------
Expectation: Transpilation and Unit Test should pass.
SCL File: scl_test/Step7_Functions/All Functions/Array/Int/Int[].Swap.scl
SCL Header:
FUNCTION "Int[].Swap" : Void
TITLE = Swap Elements In An Array
{ S7_Optimized_Access := 'TRUE' }
AUTHOR : Machado
FAMILY : 'Int[]'
...

Test Output:
Transpilation: SUCCESS
Execution successful
.
----------------------------------------------------------------------
Ran 1 test in 0.002s

OK

RESULT: PASSED

==================================================

TEST: scl_test/Step7_Functions/All Functions/Array/Int/Int[].Search.scl
--------------------------------------------------
Expectation: Transpilation and Unit Test should pass.
SCL File: scl_test/Step7_Functions/All Functions/Array/Int/Int[].Search.scl
SCL Header:
FUNCTION "Int[].Search" : Int
TITLE = Search Array of Integers
{ S7_Optimized_Access := 'TRUE' }
AUTHOR : Machado
FAMILY : 'Int[]'
...

Test Output:
Transpilation: SUCCESS
F
======================================================================
FAIL: test_run (__main__.Test_Int___Search.test_run)
----------------------------------------------------------------------
Traceback (most recent call last):
  File "/app/scl_test/tests/test_Int___Search.py", line 70, in test_run
    func(context, global_dbs)
  File "/app/scl_test/transpiled/Int___Search.py", line 16, in Int___Search
    context['size'] = UDINT_TO_INT(Int___CountOfElements(context['haystack']))
                      ^^^^^^^^^^^^
NameError: name 'UDINT_TO_INT' is not defined. Did you mean: 'UDINT_TO_DINT'?

During handling of the above exception, another exception occurred:

Traceback (most recent call last):
  File "/app/scl_test/tests/test_Int___Search.py", line 73, in test_run
    self.fail(f"Execution failed: {e}")
AssertionError: Execution failed: name 'UDINT_TO_INT' is not defined

----------------------------------------------------------------------
Ran 1 test in 0.004s

FAILED (failures=1)

RESULT: FAILED

==================================================

TEST: scl_test/Step7_Functions/All Functions/Array/Int/Int[].CollapseRight.scl
--------------------------------------------------
Expectation: Transpilation and Unit Test should pass.
SCL File: scl_test/Step7_Functions/All Functions/Array/Int/Int[].CollapseRight.scl
SCL Header:
FUNCTION "Int[].CollapseRight" : Void
{ S7_Optimized_Access := 'TRUE' }
VERSION : 0.1
   VAR_INPUT
      null_token : Int;   // int value used as null in your project
...

Test Output:
Transpilation: FAILED

==================================================

TEST: scl_test/Step7_Functions/All Functions/Array/Int/Int[].Split.scl
--------------------------------------------------
Expectation: Transpilation and Unit Test should pass.
SCL File: scl_test/Step7_Functions/All Functions/Array/Int/Int[].Split.scl
SCL Header:
FUNCTION "Int[].Split" : Void
TITLE = Split An Integer Array in Half
{ S7_Optimized_Access := 'TRUE' }
AUTHOR : Machado
FAMILY : 'Int[]'
...

Test Output:
Transpilation: FAILED

==================================================

TEST: scl_test/Step7_Functions/All Functions/Array/Int/Int[].CollapseLeft.scl
--------------------------------------------------
Expectation: Transpilation and Unit Test should pass.
SCL File: scl_test/Step7_Functions/All Functions/Array/Int/Int[].CollapseLeft.scl
SCL Header:
FUNCTION "Int[].CollapseLeft" : Void
{ S7_Optimized_Access := 'TRUE' }
VERSION : 0.1
   VAR_INPUT
      null_token : Int;   // int value used as null in your project
...

Test Output:
Transpilation: FAILED

==================================================

TEST: scl_test/Step7_Functions/All Functions/Array/Int/Int[].CountOfElements.scl
--------------------------------------------------
Expectation: Transpilation and Unit Test should pass.
SCL File: scl_test/Step7_Functions/All Functions/Array/Int/Int[].CountOfElements.scl
SCL Header:
FUNCTION "Int[].CountOfElements" : UDInt
{ S7_Optimized_Access := 'TRUE' }
VERSION : 0.1
   VAR_INPUT
      data : Variant;
...

Test Output:
Transpilation: SUCCESS
F
======================================================================
FAIL: test_run (__main__.Test_Int___CountOfElements.test_run)
----------------------------------------------------------------------
Traceback (most recent call last):
  File "/app/scl_test/tests/test_Int___CountOfElements.py", line 69, in test_run
    func(context, global_dbs)
  File "/app/scl_test/transpiled/Int___CountOfElements.py", line 7, in Int___CountOfElements
    context['Int[].CountOfElements'] = CountOfElements(context['data'])
                                       ^^^^^^^^^^^^^^^
NameError: name 'CountOfElements' is not defined. Did you mean: 'Int___CountOfElements'?

During handling of the above exception, another exception occurred:

Traceback (most recent call last):
  File "/app/scl_test/tests/test_Int___CountOfElements.py", line 72, in test_run
    self.fail(f"Execution failed: {e}")
AssertionError: Execution failed: name 'CountOfElements' is not defined

----------------------------------------------------------------------
Ran 1 test in 0.009s

FAILED (failures=1)

RESULT: FAILED

==================================================

TEST: scl_test/Step7_Functions/All Functions/Array/Int/Int[].ShiftLeft.scl
--------------------------------------------------
Expectation: Transpilation and Unit Test should pass.
SCL File: scl_test/Step7_Functions/All Functions/Array/Int/Int[].ShiftLeft.scl
SCL Header:
FUNCTION "Int[].ShiftLeft" : Void
{ S7_Optimized_Access := 'TRUE' }
VERSION : 0.1
   VAR_INPUT
      places : DInt;   // must be positive
...

Test Output:
Transpilation: FAILED

==================================================

TEST: scl_test/Step7_Functions/All Functions/Array/Int/Int[].ShiftRight.scl
--------------------------------------------------
Expectation: Transpilation and Unit Test should pass.
SCL File: scl_test/Step7_Functions/All Functions/Array/Int/Int[].ShiftRight.scl
SCL Header:
FUNCTION "Int[].ShiftRight" : Void
{ S7_Optimized_Access := 'TRUE' }
VERSION : 0.1
   VAR_INPUT
      null_token : Int;
...

Test Output:
Transpilation: FAILED

==================================================

TEST: scl_test/Step7_Functions/All Functions/Array/Int/Int[].Clear.scl
--------------------------------------------------
Expectation: Transpilation and Unit Test should pass.
SCL File: scl_test/Step7_Functions/All Functions/Array/Int/Int[].Clear.scl
SCL Header:
FUNCTION "Int[].Clear" : Void
{ S7_Optimized_Access := 'TRUE' }
VERSION : 0.1
   VAR_INPUT
      null_token : Int;   // null representation in your project
...

Test Output:
Transpilation: SUCCESS
F
======================================================================
FAIL: test_run (__main__.Test_Int___Clear.test_run)
----------------------------------------------------------------------
Traceback (most recent call last):
  File "/app/scl_test/tests/test_Int___Clear.py", line 70, in test_run
    func(context, global_dbs)
  File "/app/scl_test/transpiled/Int___Clear.py", line 17, in Int___Clear
    Int___Fill(value=context['null_token'], data=context['array'])
    ^^^^^^^^^^
NameError: name 'Int___Fill' is not defined

During handling of the above exception, another exception occurred:

Traceback (most recent call last):
  File "/app/scl_test/tests/test_Int___Clear.py", line 73, in test_run
    self.fail(f"Execution failed: {e}")
AssertionError: Execution failed: name 'Int___Fill' is not defined

----------------------------------------------------------------------
Ran 1 test in 0.007s

FAILED (failures=1)

RESULT: FAILED

==================================================

TEST: scl_test/Step7_Functions/All Functions/Stack/Int{Stack}.PseudoRandom.scl
--------------------------------------------------
Expectation: Transpilation and Unit Test should pass.
SCL File: scl_test/Step7_Functions/All Functions/Stack/Int{Stack}.PseudoRandom.scl
SCL Header:
FUNCTION_BLOCK "Int{Stack}.PseudoRandom"
TITLE = Genertate Random Stack of Ints
{ S7_Optimized_Access := 'TRUE' }
AUTHOR : Machado
FAMILY : 'Int{S}'
...

Test Output:
Transpilation: FAILED

==================================================

TEST: scl_test/Step7_Functions/All Functions/Timers/Timer.scl
--------------------------------------------------
Expectation: Transpilation and Unit Test should pass.
SCL File: scl_test/Step7_Functions/All Functions/Timers/Timer.scl
SCL Header:
TYPE "Runtime.All_Data"
VERSION : 0.1
   STRUCT
      memory : LReal;
      ellapsed : LReal;
...

Test Output:
Transpilation: FAILED

==================================================

TEST: scl_test/Step7_Functions/All Functions/ADP/ADP.Encode.Scroll_Speed.scl
--------------------------------------------------
Expectation: Transpilation and Unit Test should pass.
SCL File: scl_test/Step7_Functions/All Functions/ADP/ADP.Encode.Scroll_Speed.scl
SCL Header:
TYPE "ADP: Decoded: Scroll Speed"
VERSION : 0.1
   STRUCT
      slowest : String[9] := 'slowest';
      slow : String[9] := 'slow';
...

Test Output:
Transpilation: SUCCESS
F
======================================================================
FAIL: test_run (__main__.Test_ADP_Encode_Scroll_Speed.test_run)
----------------------------------------------------------------------
Traceback (most recent call last):
  File "/app/scl_test/tests/test_ADP_Encode_Scroll_Speed.py", line 71, in test_run
    func(context, global_dbs)
  File "/app/scl_test/transpiled/ADP_Encode_Scroll_Speed.py", line 11, in ADP_Encode_Scroll_Speed
    if (context['scroll_speed'] == context['decoded'].slowest):
                                   ^^^^^^^^^^^^^^^^^^^^^^^^^^
AttributeError: 'int' object has no attribute 'slowest'

During handling of the above exception, another exception occurred:

Traceback (most recent call last):
  File "/app/scl_test/tests/test_ADP_Encode_Scroll_Speed.py", line 74, in test_run
    self.fail(f"Execution failed: {e}")
AssertionError: Execution failed: 'int' object has no attribute 'slowest'

----------------------------------------------------------------------
Ran 1 test in 0.005s

FAILED (failures=1)

RESULT: FAILED

==================================================

TEST: scl_test/Step7_Functions/All Functions/ADP/ADP.Encode.scl
--------------------------------------------------
Expectation: Transpilation and Unit Test should pass.
SCL File: scl_test/Step7_Functions/All Functions/ADP/ADP.Encode.scl
SCL Header:
TYPE "ADP: Encoded: Formatting: Horizontal Alignment"
VERSION : 0.1
   STRUCT
      center : String[5] := '$L1';
      left : String[5] := '$L0';
...

Test Output:
Transpilation: SUCCESS
E
======================================================================
ERROR: test_run (__main__.Test_ADP_Encode.test_run)
----------------------------------------------------------------------
Traceback (most recent call last):
  File "/app/scl_test/tests/test_ADP_Encode.py", line 45, in test_run
    import scl_test.transpiled.ADP_Encode as transpiled_module
  File "/app/scl_test/transpiled/ADP_Encode.py", line 251
    context['_ret'].color = ADP:_Encode:_Color(color=context['formats'].color, decoded=context['adp_decoded'].color, encoded=context['adp_encoded'].color)
                               ^
SyntaxError: invalid syntax

----------------------------------------------------------------------
Ran 1 test in 0.006s

FAILED (errors=1)

RESULT: FAILED

==================================================

TEST: scl_test/Step7_Functions/All Functions/ADP/ADP.Encode.Size_and_Face.scl
--------------------------------------------------
Expectation: Transpilation and Unit Test should pass.
SCL File: scl_test/Step7_Functions/All Functions/ADP/ADP.Encode.Size_and_Face.scl
SCL Header:
TYPE "ADP: Decoded: Size and Face"
VERSION : 0.1
   STRUCT
      bold_5 : String[11] := 'bold 5';
      bold_11 : String[11] := 'bold 11';
...

Test Output:
Transpilation: SUCCESS
F
======================================================================
FAIL: test_run (__main__.Test_ADP_Encode_Size_and_Face.test_run)
----------------------------------------------------------------------
Traceback (most recent call last):
  File "/app/scl_test/tests/test_ADP_Encode_Size_and_Face.py", line 71, in test_run
    func(context, global_dbs)
  File "/app/scl_test/transpiled/ADP_Encode_Size_and_Face.py", line 11, in ADP_Encode_Size_and_Face
    if (context['size_and_face'] == context['decoded'].bold_5):
                                    ^^^^^^^^^^^^^^^^^^^^^^^^^
AttributeError: 'int' object has no attribute 'bold_5'

During handling of the above exception, another exception occurred:

Traceback (most recent call last):
  File "/app/scl_test/tests/test_ADP_Encode_Size_and_Face.py", line 74, in test_run
    self.fail(f"Execution failed: {e}")
AssertionError: Execution failed: 'int' object has no attribute 'bold_5'

----------------------------------------------------------------------
Ran 1 test in 0.005s

FAILED (failures=1)

RESULT: FAILED

==================================================

TEST: scl_test/Step7_Functions/All Functions/ADP/ADP.Encode.Horizontal_Alignment.scl
--------------------------------------------------
Expectation: Transpilation and Unit Test should pass.
SCL File: scl_test/Step7_Functions/All Functions/ADP/ADP.Encode.Horizontal_Alignment.scl
SCL Header:
TYPE "ADP: Decoded: Horizontal Alignment"
VERSION : 0.1
   STRUCT
      center : String[8] := 'center';
      left : String[8] := 'left';
...

Test Output:
Transpilation: SUCCESS
F
======================================================================
FAIL: test_run (__main__.Test_ADP_Encode_Horizontal_Alignment.test_run)
----------------------------------------------------------------------
Traceback (most recent call last):
  File "/app/scl_test/tests/test_ADP_Encode_Horizontal_Alignment.py", line 71, in test_run
    func(context, global_dbs)
  File "/app/scl_test/transpiled/ADP_Encode_Horizontal_Alignment.py", line 11, in ADP_Encode_Horizontal_Alignment
    if (context['horizontal_alignment'] == context['decoded'].center):
                                           ^^^^^^^^^^^^^^^^^^^^^^^^^
AttributeError: 'int' object has no attribute 'center'

During handling of the above exception, another exception occurred:

Traceback (most recent call last):
  File "/app/scl_test/tests/test_ADP_Encode_Horizontal_Alignment.py", line 74, in test_run
    self.fail(f"Execution failed: {e}")
AssertionError: Execution failed: 'int' object has no attribute 'center'

----------------------------------------------------------------------
Ran 1 test in 0.004s

FAILED (failures=1)

RESULT: FAILED

==================================================

TEST: scl_test/Step7_Functions/All Functions/ADP/ADP.Decode.scl
--------------------------------------------------
Expectation: Transpilation and Unit Test should pass.
SCL File: scl_test/Step7_Functions/All Functions/ADP/ADP.Decode.scl
SCL Header:
TYPE "ADP: Encoded: Formatting: Size and Face"
VERSION : 0.1
   STRUCT
      bold_5 : String[5] := '$1AG';
      bold_11 : String[5] := '$1AH';
...

Test Output:
Transpilation: SUCCESS
E
======================================================================
ERROR: test_run (__main__.Test_ADP_Decode.test_run)
----------------------------------------------------------------------
Traceback (most recent call last):
  File "/app/scl_test/tests/test_ADP_Decode.py", line 45, in test_run
    import scl_test.transpiled.ADP_Decode as transpiled_module
  File "/app/scl_test/transpiled/ADP_Decode.py", line 230
    context['_ret'].color = ADP:_Decode:_Color(color=context['codes'].color, encoded=context['adp_encoded'].color, decoded=context['adp_decoded'].color)
                               ^
SyntaxError: invalid syntax

----------------------------------------------------------------------
Ran 1 test in 0.006s

FAILED (errors=1)

RESULT: FAILED

==================================================

TEST: scl_test/Step7_Functions/All Functions/ADP/ADP.Decode.Scroll_Speed.scl
--------------------------------------------------
Expectation: Transpilation and Unit Test should pass.
SCL File: scl_test/Step7_Functions/All Functions/ADP/ADP.Decode.Scroll_Speed.scl
SCL Header:
TYPE "ADP: Encoded: Formatting: Scroll Speed"
VERSION : 0.1
   STRUCT
      slowest : String[5] := '$15';
      slow : String[5] := '$16';
...

Test Output:
Transpilation: SUCCESS
F
======================================================================
FAIL: test_run (__main__.Test_ADP_Decode_Scroll_Speed.test_run)
----------------------------------------------------------------------
Traceback (most recent call last):
  File "/app/scl_test/tests/test_ADP_Decode_Scroll_Speed.py", line 71, in test_run
    func(context, global_dbs)
  File "/app/scl_test/transpiled/ADP_Decode_Scroll_Speed.py", line 11, in ADP_Decode_Scroll_Speed
    if (context['scroll_speed'] == context['encoded'].slowest):
                                   ^^^^^^^^^^^^^^^^^^^^^^^^^^
AttributeError: 'int' object has no attribute 'slowest'

During handling of the above exception, another exception occurred:

Traceback (most recent call last):
  File "/app/scl_test/tests/test_ADP_Decode_Scroll_Speed.py", line 74, in test_run
    self.fail(f"Execution failed: {e}")
AssertionError: Execution failed: 'int' object has no attribute 'slowest'

----------------------------------------------------------------------
Ran 1 test in 0.004s

FAILED (failures=1)

RESULT: FAILED

==================================================

TEST: scl_test/Step7_Functions/All Functions/ADP/ADP.Encode.Vertical_Alignment.scl
--------------------------------------------------
Expectation: Transpilation and Unit Test should pass.
SCL File: scl_test/Step7_Functions/All Functions/ADP/ADP.Encode.Vertical_Alignment.scl
SCL Header:
TYPE "ADP: Decoded: Vertical Alignment"
VERSION : 0.1
   STRUCT
      bottom_hold : String[15] := 'bottom hold';
      fill_hold : String[15] := 'fill hold';
...

Test Output:
Transpilation: SUCCESS
F
======================================================================
FAIL: test_run (__main__.Test_ADP_Encode_Vertical_Alignment.test_run)
----------------------------------------------------------------------
Traceback (most recent call last):
  File "/app/scl_test/tests/test_ADP_Encode_Vertical_Alignment.py", line 71, in test_run
    func(context, global_dbs)
  File "/app/scl_test/transpiled/ADP_Encode_Vertical_Alignment.py", line 11, in ADP_Encode_Vertical_Alignment
    if (context['vertical_alignment'] == context['decoded'].bottom_hold):
                                         ^^^^^^^^^^^^^^^^^^^^^^^^^^^^^^
AttributeError: 'int' object has no attribute 'bottom_hold'

During handling of the above exception, another exception occurred:

Traceback (most recent call last):
  File "/app/scl_test/tests/test_ADP_Encode_Vertical_Alignment.py", line 74, in test_run
    self.fail(f"Execution failed: {e}")
AssertionError: Execution failed: 'int' object has no attribute 'bottom_hold'

----------------------------------------------------------------------
Ran 1 test in 0.006s

FAILED (failures=1)

RESULT: FAILED

==================================================

TEST: scl_test/Step7_Functions/All Functions/ADP/ADP.Decode.Horizontal_Alignment.scl
--------------------------------------------------
Expectation: Transpilation and Unit Test should pass.
SCL File: scl_test/Step7_Functions/All Functions/ADP/ADP.Decode.Horizontal_Alignment.scl
SCL Header:
TYPE "ADP: Decoded: Horizontal Alignment"
VERSION : 0.1
   STRUCT
      center : String[8] := 'center';
      left : String[8] := 'left';
...

Test Output:
Transpilation: SUCCESS
F
======================================================================
FAIL: test_run (__main__.Test_ADP_Decode_Horizontal_Alignment.test_run)
----------------------------------------------------------------------
Traceback (most recent call last):
  File "/app/scl_test/tests/test_ADP_Decode_Horizontal_Alignment.py", line 71, in test_run
    func(context, global_dbs)
  File "/app/scl_test/transpiled/ADP_Decode_Horizontal_Alignment.py", line 11, in ADP_Decode_Horizontal_Alignment
    if (context['horizontal_alignment'] == context['encoded'].center):
                                           ^^^^^^^^^^^^^^^^^^^^^^^^^
AttributeError: 'int' object has no attribute 'center'

During handling of the above exception, another exception occurred:

Traceback (most recent call last):
  File "/app/scl_test/tests/test_ADP_Decode_Horizontal_Alignment.py", line 74, in test_run
    self.fail(f"Execution failed: {e}")
AssertionError: Execution failed: 'int' object has no attribute 'center'

----------------------------------------------------------------------
Ran 1 test in 0.004s

FAILED (failures=1)

RESULT: FAILED

==================================================

TEST: scl_test/Step7_Functions/All Functions/ADP/ADP.Decode.Vertical_Alignment.scl
--------------------------------------------------
Expectation: Transpilation and Unit Test should pass.
SCL File: scl_test/Step7_Functions/All Functions/ADP/ADP.Decode.Vertical_Alignment.scl
SCL Header:
TYPE "ADP: Encoded: Formatting: Vertical Alignment"
VERSION : 0.1
   STRUCT
      middle_hold : String[5] := '$1B b';
      fill_hold : String[5] := '$1B"b';
...

Test Output:
Transpilation: SUCCESS
F
======================================================================
FAIL: test_run (__main__.Test_ADP_Decode_Vertical_Alignment.test_run)
----------------------------------------------------------------------
Traceback (most recent call last):
  File "/app/scl_test/tests/test_ADP_Decode_Vertical_Alignment.py", line 71, in test_run
    func(context, global_dbs)
  File "/app/scl_test/transpiled/ADP_Decode_Vertical_Alignment.py", line 11, in ADP_Decode_Vertical_Alignment
    if (context['vertical_alignment'] == context['encoded'].bottom_hold):
                                         ^^^^^^^^^^^^^^^^^^^^^^^^^^^^^^
AttributeError: 'int' object has no attribute 'bottom_hold'

During handling of the above exception, another exception occurred:

Traceback (most recent call last):
  File "/app/scl_test/tests/test_ADP_Decode_Vertical_Alignment.py", line 74, in test_run
    self.fail(f"Execution failed: {e}")
AssertionError: Execution failed: 'int' object has no attribute 'bottom_hold'

----------------------------------------------------------------------
Ran 1 test in 0.006s

FAILED (failures=1)

RESULT: FAILED

==================================================

TEST: scl_test/Step7_Functions/All Functions/ADP/ADP.Decode.Size_and_Face.scl
--------------------------------------------------
Expectation: Transpilation and Unit Test should pass.
SCL File: scl_test/Step7_Functions/All Functions/ADP/ADP.Decode.Size_and_Face.scl
SCL Header:
TYPE "ADP: Decoded: Size and Face"
VERSION : 0.1
   STRUCT
      bold_5 : String[11] := 'bold 5';
      bold_11 : String[11] := 'bold 11';
...

Test Output:
Transpilation: SUCCESS
F
======================================================================
FAIL: test_run (__main__.Test_ADP_Decode_Size_and_Face.test_run)
----------------------------------------------------------------------
Traceback (most recent call last):
  File "/app/scl_test/tests/test_ADP_Decode_Size_and_Face.py", line 71, in test_run
    func(context, global_dbs)
  File "/app/scl_test/transpiled/ADP_Decode_Size_and_Face.py", line 11, in ADP_Decode_Size_and_Face
    if (context['size_and_face'] == context['encoded'].bold_5):
                                    ^^^^^^^^^^^^^^^^^^^^^^^^^
AttributeError: 'int' object has no attribute 'bold_5'

During handling of the above exception, another exception occurred:

Traceback (most recent call last):
  File "/app/scl_test/tests/test_ADP_Decode_Size_and_Face.py", line 74, in test_run
    self.fail(f"Execution failed: {e}")
AssertionError: Execution failed: 'int' object has no attribute 'bold_5'

----------------------------------------------------------------------
Ran 1 test in 0.005s

FAILED (failures=1)

RESULT: FAILED

==================================================

TEST: scl_test/Step7_Functions/All Functions/ADP/ADP.Encode.Flashing.scl
--------------------------------------------------
Expectation: Transpilation and Unit Test should pass.
SCL File: scl_test/Step7_Functions/All Functions/ADP/ADP.Encode.Flashing.scl
SCL Header:
TYPE "ADP: Encoded: Formatting: Flashing"
VERSION : 0.1
   STRUCT
      off : String[5] := '$070';
      on : String[5] := '$071';
...

Test Output:
Transpilation: SUCCESS
F
======================================================================
FAIL: test_run (__main__.Test_ADP_Encode_Flashing.test_run)
----------------------------------------------------------------------
Traceback (most recent call last):
  File "/app/scl_test/tests/test_ADP_Encode_Flashing.py", line 71, in test_run
    func(context, global_dbs)
  File "/app/scl_test/transpiled/ADP_Encode_Flashing.py", line 11, in ADP_Encode_Flashing
    if (context['flash'] == context['decoded'].off):
                            ^^^^^^^^^^^^^^^^^^^^^^
AttributeError: 'int' object has no attribute 'off'

During handling of the above exception, another exception occurred:

Traceback (most recent call last):
  File "/app/scl_test/tests/test_ADP_Encode_Flashing.py", line 74, in test_run
    self.fail(f"Execution failed: {e}")
AssertionError: Execution failed: 'int' object has no attribute 'off'

----------------------------------------------------------------------
Ran 1 test in 0.003s

FAILED (failures=1)

RESULT: FAILED

==================================================

TEST: scl_test/Step7_Functions/All Functions/ADP/ADP.Decode.Flashing.scl
--------------------------------------------------
Expectation: Transpilation and Unit Test should pass.
SCL File: scl_test/Step7_Functions/All Functions/ADP/ADP.Decode.Flashing.scl
SCL Header:
TYPE "ADP: Decoded: Flash"
VERSION : 0.1
   STRUCT
      off : String[8] := 'off';
      on : String[8] := 'on';
...

Test Output:
Transpilation: SUCCESS
F
======================================================================
FAIL: test_run (__main__.Test_ADP_Decode_Flashing.test_run)
----------------------------------------------------------------------
Traceback (most recent call last):
  File "/app/scl_test/tests/test_ADP_Decode_Flashing.py", line 71, in test_run
    func(context, global_dbs)
  File "/app/scl_test/transpiled/ADP_Decode_Flashing.py", line 11, in ADP_Decode_Flashing
    if (context['flash'] == context['encoded'].off):
                            ^^^^^^^^^^^^^^^^^^^^^^
AttributeError: 'int' object has no attribute 'off'

During handling of the above exception, another exception occurred:

Traceback (most recent call last):
  File "/app/scl_test/tests/test_ADP_Decode_Flashing.py", line 74, in test_run
    self.fail(f"Execution failed: {e}")
AssertionError: Execution failed: 'int' object has no attribute 'off'

----------------------------------------------------------------------
Ran 1 test in 0.003s

FAILED (failures=1)

RESULT: FAILED

==================================================

TEST: scl_test/Step7_Functions/All Functions/ADP/ADP.Decode.Color.scl
--------------------------------------------------
Expectation: Transpilation and Unit Test should pass.
SCL File: scl_test/Step7_Functions/All Functions/ADP/ADP.Decode.Color.scl
SCL Header:
TYPE "ADP: Encoded: Formatting: Color"
VERSION : 0.1
   STRUCT
      black { S7_SetPoint := 'True'} : String[5] := '$1C0';
      blue : String[5] := '$1C8';
...

Test Output:
Transpilation: SUCCESS
F
======================================================================
FAIL: test_run (__main__.Test_ADP_Decode_Color.test_run)
----------------------------------------------------------------------
Traceback (most recent call last):
  File "/app/scl_test/tests/test_ADP_Decode_Color.py", line 71, in test_run
    func(context, global_dbs)
  File "/app/scl_test/transpiled/ADP_Decode_Color.py", line 11, in ADP_Decode_Color
    if (context['color'] == context['encoded'].black):
                            ^^^^^^^^^^^^^^^^^^^^^^^^
AttributeError: 'int' object has no attribute 'black'

During handling of the above exception, another exception occurred:

Traceback (most recent call last):
  File "/app/scl_test/tests/test_ADP_Decode_Color.py", line 74, in test_run
    self.fail(f"Execution failed: {e}")
AssertionError: Execution failed: 'int' object has no attribute 'black'

----------------------------------------------------------------------
Ran 1 test in 0.004s

FAILED (failures=1)

RESULT: FAILED

==================================================

TEST: scl_test/Step7_Functions/All Functions/ADP/ADP.Encode.Color.scl
--------------------------------------------------
Expectation: Transpilation and Unit Test should pass.
SCL File: scl_test/Step7_Functions/All Functions/ADP/ADP.Encode.Color.scl
SCL Header:
TYPE "ADP: Decoded: Color"
VERSION : 0.1
   STRUCT
      black : String[8] := 'black';
      blue : String[8] := 'blue';
...

Test Output:
Transpilation: SUCCESS
F
======================================================================
FAIL: test_run (__main__.Test_ADP_Encode_Color.test_run)
----------------------------------------------------------------------
Traceback (most recent call last):
  File "/app/scl_test/tests/test_ADP_Encode_Color.py", line 81, in test_run
    func(context, global_dbs)
  File "/app/scl_test/transpiled/ADP_Encode_Color.py", line 32, in ADP_Encode_Color
    if (context['color'] == context['decoded'].black):
                            ^^^^^^^^^^^^^^^^^^^^^^^^
AttributeError: 'int' object has no attribute 'black'

During handling of the above exception, another exception occurred:

Traceback (most recent call last):
  File "/app/scl_test/tests/test_ADP_Encode_Color.py", line 84, in test_run
    self.fail(f"Execution failed: {e}")
AssertionError: Execution failed: 'int' object has no attribute 'black'

----------------------------------------------------------------------
Ran 1 test in 0.004s

FAILED (failures=1)

RESULT: FAILED

==================================================

TEST: scl_test/Step7_Functions/All Functions/Web/1200/Publish_System_Time_to_Web_Page.scl
--------------------------------------------------
Expectation: Transpilation and Unit Test should pass.
SCL File: scl_test/Step7_Functions/All Functions/Web/1200/Publish_System_Time_to_Web_Page.scl
SCL Header:
FUNCTION "Is Symbol" : Bool
{ S7_Optimized_Access := 'TRUE' }
VERSION : 0.1
//returns false if the input character is a number or letter of either case
   VAR_INPUT
...

Test Output:
Transpilation: FAILED

==================================================

TEST: scl_test/Step7_Functions/All Functions/Web/1200/Set_System_Time_from_Web_Page.scl
--------------------------------------------------
Expectation: Transpilation and Unit Test should pass.
SCL File: scl_test/Step7_Functions/All Functions/Web/1200/Set_System_Time_from_Web_Page.scl
SCL Header:
FUNCTION "Split" : Void
{ S7_Optimized_Access := 'TRUE' }
VERSION : 0.1
   VAR_INPUT
      string_in : String;
...

Test Output:
Transpilation: FAILED

==================================================

TEST: scl_test/Step7_Functions/All Functions/Nibble/Nibble.To_String.scl
--------------------------------------------------
Expectation: Transpilation and Unit Test should pass.
SCL File: scl_test/Step7_Functions/All Functions/Nibble/Nibble.To_String.scl
SCL Header:
FUNCTION "String.Trim" : String
{ S7_Optimized_Access := 'TRUE' }
AUTHOR : Machado
FAMILY : 'String'
VERSION : 1.0
...

Test Output:
Transpilation: FAILED

==================================================

TEST: scl_test/Step7_Functions/All Functions/Word/Word.To_String.scl
--------------------------------------------------
Expectation: Transpilation and Unit Test should pass.
SCL File: scl_test/Step7_Functions/All Functions/Word/Word.To_String.scl
SCL Header:
FUNCTION "String.Trim" : String
{ S7_Optimized_Access := 'TRUE' }
AUTHOR : Machado
FAMILY : 'String'
VERSION : 1.0
...

Test Output:
Transpilation: FAILED

==================================================

TEST: scl_test/Step7_Functions/All Functions/String/Load Format Codes.scl
--------------------------------------------------
Expectation: Transpilation and Unit Test should pass.
SCL File: scl_test/Step7_Functions/All Functions/String/Load Format Codes.scl
SCL Header:
FUNCTION "Load Format Codes" : Void
{ S7_Optimized_Access := 'TRUE' }
VERSION : 0.1

BEGIN
...

Test Output:
Transpilation: SUCCESS
E
======================================================================
ERROR: test_run (__main__.Test_Load_Format_Codes.test_run)
----------------------------------------------------------------------
Traceback (most recent call last):
  File "/app/scl_test/tests/test_Load_Format_Codes.py", line 45, in test_run
    import scl_test.transpiled.Load_Format_Codes as transpiled_module
  File "/app/scl_test/transpiled/Load_Format_Codes.py", line 6

    ^
IndentationError: expected an indented block after function definition on line 3

----------------------------------------------------------------------
Ran 1 test in 0.001s

FAILED (errors=1)

RESULT: FAILED

==================================================

TEST: scl_test/Step7_Functions/All Functions/String/Is Symbol.scl
--------------------------------------------------
Expectation: Transpilation and Unit Test should pass.
SCL File: scl_test/Step7_Functions/All Functions/String/Is Symbol.scl
SCL Header:
FUNCTION "Is Symbol" : Bool
{ S7_Optimized_Access := 'TRUE' }
VERSION : 0.1
//returns false if the input character is a number or letter of either case
   VAR_INPUT
...

Test Output:
Transpilation: FAILED

==================================================

TEST: scl_test/Step7_Functions/All Functions/String/Select Element by Format Code.scl
--------------------------------------------------
Expectation: Transpilation and Unit Test should pass.
SCL File: scl_test/Step7_Functions/All Functions/String/Select Element by Format Code.scl
SCL Header:
TYPE "Elements as Strings"
VERSION : 0.1
   STRUCT
      year : String[4];
      month : String[2];
...

Test Output:
Transpilation: FAILED

==================================================

TEST: scl_test/Step7_Functions/All Functions/String/WString.Split_Multiple.Clean_Output.scl
--------------------------------------------------
Expectation: Transpilation and Unit Test should pass.
SCL File: scl_test/Step7_Functions/All Functions/String/WString.Split_Multiple.Clean_Output.scl
SCL Header:
FUNCTION "Array.Any.Length" : UDInt
{ S7_Optimized_Access := 'TRUE' }
VERSION : 0.1
   VAR_INPUT
      "array" : Variant;
...

Test Output:
Transpilation: SUCCESS
F
======================================================================
FAIL: test_run (__main__.Test_WString_Split_Multiple_Clean_Output.test_run)
----------------------------------------------------------------------
Traceback (most recent call last):
  File "/app/scl_test/tests/test_WString_Split_Multiple_Clean_Output.py", line 69, in test_run
    func(context, global_dbs)
  File "/app/scl_test/transpiled/WString_Split_Multiple_Clean_Output.py", line 10, in Array_Any_Length
    context['ret'] = CountOfElements(context['array'])
                     ^^^^^^^^^^^^^^^
NameError: name 'CountOfElements' is not defined

During handling of the above exception, another exception occurred:

Traceback (most recent call last):
  File "/app/scl_test/tests/test_WString_Split_Multiple_Clean_Output.py", line 72, in test_run
    self.fail(f"Execution failed: {e}")
AssertionError: Execution failed: name 'CountOfElements' is not defined

----------------------------------------------------------------------
Ran 1 test in 0.008s

FAILED (failures=1)

RESULT: FAILED

==================================================

TEST: scl_test/Step7_Functions/All Functions/String/Upper.scl
--------------------------------------------------
Expectation: Transpilation and Unit Test should pass.
SCL File: scl_test/Step7_Functions/All Functions/String/Upper.scl
SCL Header:
FUNCTION "Upper" : String
TITLE = Upper
{ S7_Optimized_Access := 'TRUE' }
AUTHOR : Machado
FAMILY : 'String'
...

Test Output:
Transpilation: FAILED

==================================================

TEST: scl_test/Step7_Functions/All Functions/String/Add Leading.scl
--------------------------------------------------
Expectation: Transpilation and Unit Test should pass.
SCL File: scl_test/Step7_Functions/All Functions/String/Add Leading.scl
SCL Header:
FUNCTION "Add Leading" : String
{ S7_Optimized_Access := 'TRUE' }
VERSION : 0.1
   VAR_INPUT
      "Leading Character" : Char;
...

Test Output:
Transpilation: SUCCESS
F
======================================================================
FAIL: test_run (__main__.Test_Add_Leading.test_run)
----------------------------------------------------------------------
Traceback (most recent call last):
  File "/app/scl_test/tests/test_Add_Leading.py", line 71, in test_run
    func(context, global_dbs)
  File "/app/scl_test/transpiled/Add_Leading.py", line 13, in Add_Leading
    context['Length'] = LEN(context['String Box'])
                        ^^^
NameError: name 'LEN' is not defined

During handling of the above exception, another exception occurred:

Traceback (most recent call last):
  File "/app/scl_test/tests/test_Add_Leading.py", line 74, in test_run
    self.fail(f"Execution failed: {e}")
AssertionError: Execution failed: name 'LEN' is not defined

----------------------------------------------------------------------
Ran 1 test in 0.004s

FAILED (failures=1)

RESULT: FAILED

==================================================

TEST: scl_test/Step7_Functions/All Functions/String/Is Format Character.scl
--------------------------------------------------
Expectation: Transpilation and Unit Test should pass.
SCL File: scl_test/Step7_Functions/All Functions/String/Is Format Character.scl
SCL Header:
FUNCTION "Is Format Character" : Bool
{ S7_Optimized_Access := 'TRUE' }
VERSION : 0.1
   VAR_INPUT
      character : Char;
...

Test Output:
Transpilation: FAILED

==================================================

TEST: scl_test/Step7_Functions/All Functions/String/Format Output.scl
--------------------------------------------------
Expectation: Transpilation and Unit Test should pass.
SCL File: scl_test/Step7_Functions/All Functions/String/Format Output.scl
SCL Header:
TYPE "Elements as Strings"
VERSION : 0.1
   STRUCT
      year : String[4];
      month : String[2];
...

Test Output:
Transpilation: FAILED

==================================================

TEST: scl_test/Step7_Functions/All Functions/String/WString.Split_Multiple.scl
--------------------------------------------------
Expectation: Transpilation and Unit Test should pass.
SCL File: scl_test/Step7_Functions/All Functions/String/WString.Split_Multiple.scl
SCL Header:
FUNCTION "Array.Any.Length" : UDInt
{ S7_Optimized_Access := 'TRUE' }
VERSION : 0.1
   VAR_INPUT
      "array" : Variant;
...

Test Output:
Transpilation: SUCCESS
F
======================================================================
FAIL: test_run (__main__.Test_WString_Split_Multiple.test_run)
----------------------------------------------------------------------
Traceback (most recent call last):
  File "/app/scl_test/tests/test_WString_Split_Multiple.py", line 69, in test_run
    func(context, global_dbs)
  File "/app/scl_test/transpiled/WString_Split_Multiple.py", line 10, in Array_Any_Length
    context['ret'] = CountOfElements(context['array'])
                     ^^^^^^^^^^^^^^^
NameError: name 'CountOfElements' is not defined

During handling of the above exception, another exception occurred:

Traceback (most recent call last):
  File "/app/scl_test/tests/test_WString_Split_Multiple.py", line 72, in test_run
    self.fail(f"Execution failed: {e}")
AssertionError: Execution failed: name 'CountOfElements' is not defined

----------------------------------------------------------------------
Ran 1 test in 0.010s

FAILED (failures=1)

RESULT: FAILED

==================================================

TEST: scl_test/Step7_Functions/All Functions/String/String.PercentComplete.scl
--------------------------------------------------
Expectation: Transpilation and Unit Test should pass.
SCL File: scl_test/Step7_Functions/All Functions/String/String.PercentComplete.scl
SCL Header:
FUNCTION "String.PercentComplete" : String
{ S7_Optimized_Access := 'TRUE' }
VERSION : 0.1
   VAR_INPUT
      percent_complete : Int;
...

Test Output:
Transpilation: SUCCESS
F
======================================================================
FAIL: test_run (__main__.Test_String_PercentComplete.test_run)
----------------------------------------------------------------------
Traceback (most recent call last):
  File "/app/scl_test/tests/test_String_PercentComplete.py", line 69, in test_run
    func(context, global_dbs)
  File "/app/scl_test/transpiled/String_PercentComplete.py", line 7, in String_PercentComplete
    context['String.PercentComplete'] = CONCAT_STRING(IN1=INT_TO_STRING(context['percent_complete']), IN2='% complete')
                                        ^^^^^^^^^^^^^
NameError: name 'CONCAT_STRING' is not defined

During handling of the above exception, another exception occurred:

Traceback (most recent call last):
  File "/app/scl_test/tests/test_String_PercentComplete.py", line 72, in test_run
    self.fail(f"Execution failed: {e}")
AssertionError: Execution failed: name 'CONCAT_STRING' is not defined

----------------------------------------------------------------------
Ran 1 test in 0.008s

FAILED (failures=1)

RESULT: FAILED

==================================================

TEST: scl_test/Step7_Functions/All Functions/String/WString.Find_Multiple.Breadth.scl
--------------------------------------------------
Expectation: Transpilation and Unit Test should pass.
SCL File: scl_test/Step7_Functions/All Functions/String/WString.Find_Multiple.Breadth.scl
SCL Header:
FUNCTION "Array.Any.Length" : UDInt
{ S7_Optimized_Access := 'TRUE' }
VERSION : 0.1
   VAR_INPUT
      "array" : Variant;
...

Test Output:
Transpilation: SUCCESS
F
======================================================================
FAIL: test_run (__main__.Test_WString_Find_Multiple_Breadth.test_run)
----------------------------------------------------------------------
Traceback (most recent call last):
  File "/app/scl_test/tests/test_WString_Find_Multiple_Breadth.py", line 69, in test_run
    func(context, global_dbs)
  File "/app/scl_test/transpiled/WString_Find_Multiple_Breadth.py", line 10, in Array_Any_Length
    context['ret'] = CountOfElements(context['array'])
                     ^^^^^^^^^^^^^^^
NameError: name 'CountOfElements' is not defined

During handling of the above exception, another exception occurred:

Traceback (most recent call last):
  File "/app/scl_test/tests/test_WString_Find_Multiple_Breadth.py", line 72, in test_run
    self.fail(f"Execution failed: {e}")
AssertionError: Execution failed: name 'CountOfElements' is not defined

----------------------------------------------------------------------
Ran 1 test in 0.010s

FAILED (failures=1)

RESULT: FAILED

==================================================

TEST: scl_test/Step7_Functions/All Functions/String/Trim.scl
--------------------------------------------------
Expectation: Transpilation and Unit Test should pass.
SCL File: scl_test/Step7_Functions/All Functions/String/Trim.scl
SCL Header:
FUNCTION "Trim" : String
TITLE = Trim
{ S7_Optimized_Access := 'TRUE' }
AUTHOR : Machado
FAMILY : 'String'
...

Test Output:
Transpilation: SUCCESS
F
======================================================================
FAIL: test_run (__main__.Test_Trim.test_run)
----------------------------------------------------------------------
Traceback (most recent call last):
  File "/app/scl_test/tests/test_Trim.py", line 70, in test_run
    func(context, global_dbs)
  File "/app/scl_test/transpiled/Trim.py", line 13, in Trim
    while (LEFT(IN=context['ret'], L=1) == context['space']):
           ^^^^
NameError: name 'LEFT' is not defined

During handling of the above exception, another exception occurred:

Traceback (most recent call last):
  File "/app/scl_test/tests/test_Trim.py", line 73, in test_run
    self.fail(f"Execution failed: {e}")
AssertionError: Execution failed: name 'LEFT' is not defined

----------------------------------------------------------------------
Ran 1 test in 0.004s

FAILED (failures=1)

RESULT: FAILED

==================================================

TEST: scl_test/Step7_Functions/All Functions/String/Delimeter Position.scl
--------------------------------------------------
Expectation: Transpilation and Unit Test should pass.
SCL File: scl_test/Step7_Functions/All Functions/String/Delimeter Position.scl
SCL Header:
FUNCTION "Is Symbol" : Bool
{ S7_Optimized_Access := 'TRUE' }
VERSION : 0.1
//returns false if the input character is a number or letter of either case
   VAR_INPUT
...

Test Output:
Transpilation: FAILED

==================================================

TEST: scl_test/Step7_Functions/All Functions/String/Resolve Format.scl
--------------------------------------------------
Expectation: Transpilation and Unit Test should pass.
SCL File: scl_test/Step7_Functions/All Functions/String/Resolve Format.scl
SCL Header:
FUNCTION "Is Symbol" : Bool
{ S7_Optimized_Access := 'TRUE' }
VERSION : 0.1
//returns false if the input character is a number or letter of either case
   VAR_INPUT
...

Test Output:
Transpilation: FAILED

==================================================

TEST: scl_test/Step7_Functions/All Functions/String/Lower.scl
--------------------------------------------------
Expectation: Transpilation and Unit Test should pass.
SCL File: scl_test/Step7_Functions/All Functions/String/Lower.scl
SCL Header:
FUNCTION "Lower" : String
{ S7_Optimized_Access := 'TRUE' }
VERSION : 0.1
   VAR_INPUT
      "string" : String;
...

Test Output:
Transpilation: FAILED

==================================================

TEST: scl_test/Step7_Functions/All Functions/String/Strip Sign.scl
--------------------------------------------------
Expectation: Transpilation and Unit Test should pass.
SCL File: scl_test/Step7_Functions/All Functions/String/Strip Sign.scl
SCL Header:
FUNCTION "Strip Sign" : String
{ S7_Optimized_Access := 'TRUE' }
VERSION : 0.1
   VAR_INPUT
      "string" : String;
...

Test Output:
Transpilation: SUCCESS
F
======================================================================
FAIL: test_run (__main__.Test_Strip_Sign.test_run)
----------------------------------------------------------------------
Traceback (most recent call last):
  File "/app/scl_test/tests/test_Strip_Sign.py", line 71, in test_run
    func(context, global_dbs)
  File "/app/scl_test/transpiled/Strip_Sign.py", line 17, in Strip_Sign
    context['Test Character'] = LEFT_STRING(IN=context['String Box'], L=1)
                                ^^^^^^^^^^^
NameError: name 'LEFT_STRING' is not defined

During handling of the above exception, another exception occurred:

Traceback (most recent call last):
  File "/app/scl_test/tests/test_Strip_Sign.py", line 74, in test_run
    self.fail(f"Execution failed: {e}")
AssertionError: Execution failed: name 'LEFT_STRING' is not defined

----------------------------------------------------------------------
Ran 1 test in 0.007s

FAILED (failures=1)

RESULT: FAILED

==================================================

TEST: scl_test/Step7_Functions/All Functions/String/Format String Elements.scl
--------------------------------------------------
Expectation: Transpilation and Unit Test should pass.
SCL File: scl_test/Step7_Functions/All Functions/String/Format String Elements.scl
SCL Header:
FUNCTION "Format String Elements" : Void
{ S7_Optimized_Access := 'TRUE' }
VERSION : 0.1

BEGIN
...

Test Output:
Transpilation: SUCCESS
E
======================================================================
ERROR: test_run (__main__.Test_Format_String_Elements.test_run)
----------------------------------------------------------------------
Traceback (most recent call last):
  File "/app/scl_test/tests/test_Format_String_Elements.py", line 45, in test_run
    import scl_test.transpiled.Format_String_Elements as transpiled_module
  File "/app/scl_test/transpiled/Format_String_Elements.py", line 6

    ^
IndentationError: expected an indented block after function definition on line 3

----------------------------------------------------------------------
Ran 1 test in 0.002s

FAILED (errors=1)

RESULT: FAILED

==================================================

TEST: scl_test/Step7_Functions/All Functions/String/Array.WString.Reverse.scl
--------------------------------------------------
Expectation: Transpilation and Unit Test should pass.
SCL File: scl_test/Step7_Functions/All Functions/String/Array.WString.Reverse.scl
SCL Header:
FUNCTION "Array.Any.Length" : UDInt
{ S7_Optimized_Access := 'TRUE' }
VERSION : 0.1
   VAR_INPUT
      "array" : Variant;
...

Test Output:
Transpilation: FAILED

==================================================

TEST: scl_test/Step7_Functions/All Functions/String/Format Code as Int.scl
--------------------------------------------------
Expectation: Transpilation and Unit Test should pass.
SCL File: scl_test/Step7_Functions/All Functions/String/Format Code as Int.scl
SCL Header:
FUNCTION "Format Code as Int" : Int
{ S7_Optimized_Access := 'TRUE' }
VERSION : 0.1
   VAR_INPUT
      formatCode : String;
...

Test Output:
Transpilation: SUCCESS
F
======================================================================
FAIL: test_run (__main__.Test_Format_Code_as_Int.test_run)
----------------------------------------------------------------------
Traceback (most recent call last):
  File "/app/scl_test/tests/test_Format_Code_as_Int.py", line 69, in test_run
    func(context, global_dbs)
  File "/app/scl_test/transpiled/Format_Code_as_Int.py", line 7, in Format_Code_as_Int
    context['Format Code as Int'] = CHAR_TO_INT(STRING_TO_CHAR(LEFT(IN=context['formatCode'], L=1)))
                                    ^^^^^^^^^^^
NameError: name 'CHAR_TO_INT' is not defined. Did you mean: 'REAL_TO_DINT'?

During handling of the above exception, another exception occurred:

Traceback (most recent call last):
  File "/app/scl_test/tests/test_Format_Code_as_Int.py", line 72, in test_run
    self.fail(f"Execution failed: {e}")
AssertionError: Execution failed: name 'CHAR_TO_INT' is not defined

----------------------------------------------------------------------
Ran 1 test in 0.006s

FAILED (failures=1)

RESULT: FAILED

==================================================

TEST: scl_test/Step7_Functions/All Functions/String/Elements to Strings.scl
--------------------------------------------------
Expectation: Transpilation and Unit Test should pass.
SCL File: scl_test/Step7_Functions/All Functions/String/Elements to Strings.scl
SCL Header:
TYPE "Element Lengths"
VERSION : 0.1
   STRUCT
      year : Int;
      month : Int;
...

Test Output:
Transpilation: FAILED

==================================================

TEST: scl_test/Step7_Functions/All Functions/String/Resolve Element Lengths.scl
--------------------------------------------------
Expectation: Transpilation and Unit Test should pass.
SCL File: scl_test/Step7_Functions/All Functions/String/Resolve Element Lengths.scl
SCL Header:
TYPE "String Buffer"
VERSION : 0.1
   STRUCT
      me : Array[0..9] of String [10];
   END_STRUCT;
...

Test Output:
Transpilation: FAILED

==================================================

TEST: scl_test/Step7_Functions/All Functions/String/Strip_Sign.scl
--------------------------------------------------
Expectation: Transpilation and Unit Test should pass.
SCL File: scl_test/Step7_Functions/All Functions/String/Strip_Sign.scl
SCL Header:
FUNCTION "Strip_Sign" : String
{ S7_Optimized_Access := 'TRUE' }
VERSION : 0.1
   VAR_INPUT
      "string" : String;
...

Test Output:
Transpilation: SUCCESS
F
======================================================================
FAIL: test_run (__main__.Test_Strip_Sign.test_run)
----------------------------------------------------------------------
Traceback (most recent call last):
  File "/app/scl_test/tests/test_Strip_Sign.py", line 71, in test_run
    func(context, global_dbs)
  File "/app/scl_test/transpiled/Strip_Sign.py", line 17, in Strip_Sign
    context['Test Character'] = LEFT_STRING(IN=context['String Box'], L=1)
                                ^^^^^^^^^^^
NameError: name 'LEFT_STRING' is not defined

During handling of the above exception, another exception occurred:

Traceback (most recent call last):
  File "/app/scl_test/tests/test_Strip_Sign.py", line 74, in test_run
    self.fail(f"Execution failed: {e}")
AssertionError: Execution failed: name 'LEFT_STRING' is not defined

----------------------------------------------------------------------
Ran 1 test in 0.008s

FAILED (failures=1)

RESULT: FAILED

==================================================

TEST: scl_test/Step7_Functions/All Functions/String/Parse Date_And_Time Elements.scl
--------------------------------------------------
Expectation: Transpilation and Unit Test should pass.
SCL File: scl_test/Step7_Functions/All Functions/String/Parse Date_And_Time Elements.scl
SCL Header:
TYPE "Byte Buffer"
VERSION : 0.1
   STRUCT
      me : Array[0..7] of Byte;
   END_STRUCT;
...

Test Output:
Transpilation: SUCCESS
F
======================================================================
FAIL: test_run (__main__.Test_Parse_Date_And_Time_Elements.test_run)
----------------------------------------------------------------------
Traceback (most recent call last):
  File "/app/scl_test/tests/test_Parse_Date_And_Time_Elements.py", line 70, in test_run
    func(context, global_dbs)
  File "/app/scl_test/transpiled/Parse_Date_And_Time_Elements.py", line 13, in Trim
    while (LEFT(IN=context['ret'], L=1) == context['space']):
           ^^^^
NameError: name 'LEFT' is not defined

During handling of the above exception, another exception occurred:

Traceback (most recent call last):
  File "/app/scl_test/tests/test_Parse_Date_And_Time_Elements.py", line 73, in test_run
    self.fail(f"Execution failed: {e}")
AssertionError: Execution failed: name 'LEFT' is not defined

----------------------------------------------------------------------
Ran 1 test in 0.005s

FAILED (failures=1)

RESULT: FAILED

==================================================

TEST: scl_test/Step7_Functions/All Functions/String/WString.Split_Single.scl
--------------------------------------------------
Expectation: Transpilation and Unit Test should pass.
SCL File: scl_test/Step7_Functions/All Functions/String/WString.Split_Single.scl
SCL Header:
FUNCTION "WString.Split_Single" : Void
{ S7_Optimized_Access := 'TRUE' }
VERSION : 0.1
   VAR_INPUT
      wstring_in : WString;
...

Test Output:
Transpilation: SUCCESS
F
======================================================================
FAIL: test_run (__main__.Test_WString_Split_Single.test_run)
----------------------------------------------------------------------
Traceback (most recent call last):
  File "/app/scl_test/tests/test_WString_Split_Single.py", line 72, in test_run
    func(context, global_dbs)
  File "/app/scl_test/transpiled/WString_Split_Single.py", line 17, in WString_Split_Single
    context['_position'] = FIND(IN1=context['wstring_in'], IN2=context['delimeter'])
                           ^^^^
NameError: name 'FIND' is not defined

During handling of the above exception, another exception occurred:

Traceback (most recent call last):
  File "/app/scl_test/tests/test_WString_Split_Single.py", line 75, in test_run
    self.fail(f"Execution failed: {e}")
AssertionError: Execution failed: name 'FIND' is not defined

----------------------------------------------------------------------
Ran 1 test in 0.004s

FAILED (failures=1)

RESULT: FAILED

==================================================

TEST: scl_test/Step7_Functions/All Functions/String/WString.Find_Multiple.Depth.scl
--------------------------------------------------
Expectation: Transpilation and Unit Test should pass.
SCL File: scl_test/Step7_Functions/All Functions/String/WString.Find_Multiple.Depth.scl
SCL Header:
FUNCTION "Array.Any.Length" : UDInt
{ S7_Optimized_Access := 'TRUE' }
VERSION : 0.1
   VAR_INPUT
      "array" : Variant;
...

Test Output:
Transpilation: SUCCESS
F
======================================================================
FAIL: test_run (__main__.Test_WString_Find_Multiple_Depth.test_run)
----------------------------------------------------------------------
Traceback (most recent call last):
  File "/app/scl_test/tests/test_WString_Find_Multiple_Depth.py", line 69, in test_run
    func(context, global_dbs)
  File "/app/scl_test/transpiled/WString_Find_Multiple_Depth.py", line 10, in Array_Any_Length
    context['ret'] = CountOfElements(context['array'])
                     ^^^^^^^^^^^^^^^
NameError: name 'CountOfElements' is not defined

During handling of the above exception, another exception occurred:

Traceback (most recent call last):
  File "/app/scl_test/tests/test_WString_Find_Multiple_Depth.py", line 72, in test_run
    self.fail(f"Execution failed: {e}")
AssertionError: Execution failed: name 'CountOfElements' is not defined

----------------------------------------------------------------------
Ran 1 test in 0.009s

FAILED (failures=1)

RESULT: FAILED

==================================================

TEST: scl_test/Step7_Functions/All Functions/String/Parse Format.scl
--------------------------------------------------
Expectation: Transpilation and Unit Test should pass.
SCL File: scl_test/Step7_Functions/All Functions/String/Parse Format.scl
SCL Header:
FUNCTION "Is Symbol" : Bool
{ S7_Optimized_Access := 'TRUE' }
VERSION : 0.1
//returns false if the input character is a number or letter of either case
   VAR_INPUT
...

Test Output:
Transpilation: FAILED

==================================================

TEST: scl_test/Step7_Functions/All Functions/String/WString.Find_Multiple.scl
--------------------------------------------------
Expectation: Transpilation and Unit Test should pass.
SCL File: scl_test/Step7_Functions/All Functions/String/WString.Find_Multiple.scl
SCL Header:
FUNCTION "Array.Any.Length" : UDInt
{ S7_Optimized_Access := 'TRUE' }
VERSION : 0.1
   VAR_INPUT
      "array" : Variant;
...

Test Output:
Transpilation: SUCCESS
F
======================================================================
FAIL: test_run (__main__.Test_WString_Find_Multiple.test_run)
----------------------------------------------------------------------
Traceback (most recent call last):
  File "/app/scl_test/tests/test_WString_Find_Multiple.py", line 69, in test_run
    func(context, global_dbs)
  File "/app/scl_test/transpiled/WString_Find_Multiple.py", line 10, in Array_Any_Length
    context['ret'] = CountOfElements(context['array'])
                     ^^^^^^^^^^^^^^^
NameError: name 'CountOfElements' is not defined

During handling of the above exception, another exception occurred:

Traceback (most recent call last):
  File "/app/scl_test/tests/test_WString_Find_Multiple.py", line 72, in test_run
    self.fail(f"Execution failed: {e}")
AssertionError: Execution failed: name 'CountOfElements' is not defined

----------------------------------------------------------------------
Ran 1 test in 0.009s

FAILED (failures=1)

RESULT: FAILED

==================================================

TEST: scl_test/Step7_Functions/All Functions/String/Date_And_Time to String.scl
--------------------------------------------------
Expectation: Transpilation and Unit Test should pass.
SCL File: scl_test/Step7_Functions/All Functions/String/Date_And_Time to String.scl
SCL Header:
FUNCTION "Is Symbol" : Bool
{ S7_Optimized_Access := 'TRUE' }
VERSION : 0.1
//returns false if the input character is a number or letter of either case
   VAR_INPUT
...

Test Output:
Transpilation: FAILED

==================================================

TEST: scl_test/Step7_Functions/All Functions/String/Split.scl
--------------------------------------------------
Expectation: Transpilation and Unit Test should pass.
SCL File: scl_test/Step7_Functions/All Functions/String/Split.scl
SCL Header:
FUNCTION "Split" : Void
{ S7_Optimized_Access := 'TRUE' }
VERSION : 0.1
   VAR_INPUT
      string_in : String;
...

Test Output:
Transpilation: SUCCESS
F
======================================================================
FAIL: test_run (__main__.Test_Split.test_run)
----------------------------------------------------------------------
Traceback (most recent call last):
  File "/app/scl_test/tests/test_Split.py", line 72, in test_run
    func(context, global_dbs)
  File "/app/scl_test/transpiled/Split.py", line 17, in Split
    context['_position'] = FIND(IN1=context['string_in'], IN2=context['delimeter'])
                           ^^^^
NameError: name 'FIND' is not defined

During handling of the above exception, another exception occurred:

Traceback (most recent call last):
  File "/app/scl_test/tests/test_Split.py", line 75, in test_run
    self.fail(f"Execution failed: {e}")
AssertionError: Execution failed: name 'FIND' is not defined

----------------------------------------------------------------------
Ran 1 test in 0.004s

FAILED (failures=1)

RESULT: FAILED

==================================================

TEST: scl_test/Step7_Functions/All Functions/String/Add Leading Characters to Elements.scl
--------------------------------------------------
Expectation: Transpilation and Unit Test should pass.
SCL File: scl_test/Step7_Functions/All Functions/String/Add Leading Characters to Elements.scl
SCL Header:
TYPE "Element Lengths"
VERSION : 0.1
   STRUCT
      year : Int;
      month : Int;
...

Test Output:
Transpilation: FAILED

==================================================

TEST: scl_test/Step7_Functions/All Functions/String/WString.Word_Wrap.scl
--------------------------------------------------
Expectation: Transpilation and Unit Test should pass.
SCL File: scl_test/Step7_Functions/All Functions/String/WString.Word_Wrap.scl
SCL Header:
FUNCTION "Array.Any.Length" : UDInt
{ S7_Optimized_Access := 'TRUE' }
VERSION : 0.1
   VAR_INPUT
      "array" : Variant;
...

Test Output:
Transpilation: FAILED

==================================================

TEST: scl_test/Step7_Functions/All Functions/String/Char.Is_Numeric.scl
--------------------------------------------------
Expectation: Transpilation and Unit Test should pass.
SCL File: scl_test/Step7_Functions/All Functions/String/Char.Is_Numeric.scl
SCL Header:
FUNCTION "Char.Is_Numeric" : Bool
{ S7_Optimized_Access := 'TRUE' }
VERSION : 0.1
   VAR_INPUT
      character : Char;
...

Test Output:
Transpilation: SUCCESS
F
======================================================================
FAIL: test_run (__main__.Test_Char_Is_Numeric.test_run)
----------------------------------------------------------------------
Traceback (most recent call last):
  File "/app/scl_test/tests/test_Char_Is_Numeric.py", line 70, in test_run
    func(context, global_dbs)
  File "/app/scl_test/transpiled/Char_Is_Numeric.py", line 10, in Char_Is_Numeric
    if (FIND(IN1=context['NUMBERS'], IN2=CHAR_TO_STRING(context['character'])) == 0):
        ^^^^
NameError: name 'FIND' is not defined

During handling of the above exception, another exception occurred:

Traceback (most recent call last):
  File "/app/scl_test/tests/test_Char_Is_Numeric.py", line 73, in test_run
    self.fail(f"Execution failed: {e}")
AssertionError: Execution failed: name 'FIND' is not defined

----------------------------------------------------------------------
Ran 1 test in 0.003s

FAILED (failures=1)

RESULT: FAILED

==================================================

TEST: scl_test/Step7_Functions/All Functions/DInt/DInt.Summation.scl
--------------------------------------------------
Expectation: Transpilation and Unit Test should pass.
SCL File: scl_test/Step7_Functions/All Functions/DInt/DInt.Summation.scl
SCL Header:
FUNCTION "DInt.Summation" : UDInt
{ S7_Optimized_Access := 'TRUE' }
VERSION : 0.1
   VAR_INPUT
      start_index : DInt;
...

Test Output:
Transpilation: SUCCESS
Execution successful
.
----------------------------------------------------------------------
Ran 1 test in 0.004s

OK

RESULT: PASSED

==================================================

TEST: scl_test/Step7_Functions/All Functions/KP8/LRUD KP8 Remap.scl
--------------------------------------------------
Expectation: Transpilation and Unit Test should pass.
SCL File: scl_test/Step7_Functions/All Functions/KP8/LRUD KP8 Remap.scl
SCL Header:
FUNCTION "LRUD KP8 Remap" : Int
{ S7_Optimized_Access := 'TRUE' }
VERSION : 0.1
   VAR_INPUT
      btnNum : Int;
...

Test Output:
Transpilation: FAILED

==================================================

TEST: scl_test/Step7_Functions/All Functions/KP8/KP8 Driver.scl
--------------------------------------------------
Expectation: Transpilation and Unit Test should pass.
SCL File: scl_test/Step7_Functions/All Functions/KP8/KP8 Driver.scl
SCL Header:
TYPE "KP8 Driver: Parameters: 1 Button"
VERSION : 0.1
   STRUCT
      activate : Bool;   // true = button on, flase = button off
      "color on 1" : String[10];   // color when button is in pressed state. valid entries: 'red', 'green', 'blue', 'yellow', 'white', 'off'
...

Test Output:
Transpilation: FAILED

==================================================

TEST: scl_test/MQTT-Siemens-S7-1500/MQTT_Runtime.scl
--------------------------------------------------
Expectation: Transpilation and Unit Test should pass.
SCL File: scl_test/MQTT-Siemens-S7-1500/MQTT_Runtime.scl
SCL Header:
FUNCTION_BLOCK "mqttRuntime"
TITLE = 'Runtimercounter'
{ S7_Optimized_Access := 'TRUE' }
AUTHOR : Groschke
VERSION : 1.0
...

Test Output:
Transpilation: FAILED

==================================================

TEST: scl_test/MQTT-Siemens-S7-1500/MQTT_Main_CP.scl
--------------------------------------------------
Expectation: Transpilation and Unit Test should pass.
SCL File: scl_test/MQTT-Siemens-S7-1500/MQTT_Main_CP.scl
SCL Header:
FUNCTION_BLOCK "MQTT"
TITLE = 'MQTT MAIN Function(CP)'
{ S7_Optimized_Access := 'FALSE' }
AUTHOR : Maul
VERSION : 1.0
...

Test Output:
Transpilation: FAILED

==================================================

TEST: scl_test/MQTT-Siemens-S7-1500/MQTT_Receiving.scl
--------------------------------------------------
Expectation: Transpilation and Unit Test should pass.
SCL File: scl_test/MQTT-Siemens-S7-1500/MQTT_Receiving.scl
SCL Header:
FUNCTION "mqttAvailable" : Bool
TITLE = 'MQTT mqttAvailable Helper Function'
{ S7_Optimized_Access := 'FALSE' }
AUTHOR : Brand
VERSION : 1.0
...

Test Output:
Transpilation: FAILED

==================================================

TEST: scl_test/MQTT-Siemens-S7-1500/MQTT_Sending.scl
--------------------------------------------------
Expectation: Transpilation and Unit Test should pass.
SCL File: scl_test/MQTT-Siemens-S7-1500/MQTT_Sending.scl
SCL Header:
FUNCTION "mqttSendTCP" : Void
TITLE = 'MQTT mqttSendTCP Helper Function'
{ S7_Optimized_Access := 'FALSE' }
AUTHOR : Brand
VERSION : 1.0
...

Test Output:
Transpilation: FAILED

==================================================

TEST: scl_test/MQTT-Siemens-S7-1500/MQTT_Functions.scl
--------------------------------------------------
Expectation: Transpilation and Unit Test should pass.
SCL File: scl_test/MQTT-Siemens-S7-1500/MQTT_Functions.scl
SCL Header:
(*
    TODO:
    - connect method: handle reset of message ID according to cleanSessio flag

*)
...

Test Output:
Transpilation: FAILED

==================================================

TEST: scl_test/MQTT-Siemens-S7-1500/MQTT_Main_PN.scl
--------------------------------------------------
Expectation: Transpilation and Unit Test should pass.
SCL File: scl_test/MQTT-Siemens-S7-1500/MQTT_Main_PN.scl
SCL Header:
FUNCTION_BLOCK "MQTT"
TITLE = 'MQTT MAIN Function(PN)'
{ S7_Optimized_Access := 'FALSE' }
AUTHOR : Maul
VERSION : 1.0
...

Test Output:
Transpilation: FAILED

==================================================

TEST: scl_test/MQTT-Siemens-S7-1500/MQTT_Example.scl
--------------------------------------------------
Expectation: Transpilation and Unit Test should pass.
SCL File: scl_test/MQTT-Siemens-S7-1500/MQTT_Example.scl
SCL Header:
FUNCTION_BLOCK "mqttExample"
TITLE = 'MQTT Example Application'
{ S7_Optimized_Access := 'FALSE' }
AUTHOR : Brand
VERSION : 1.0
...

Test Output:
Transpilation: FAILED

==================================================

TEST: scl_test/MQTT-Siemens-S7-1500/Unixtime.scl
--------------------------------------------------
Expectation: Transpilation and Unit Test should pass.
SCL File: scl_test/MQTT-Siemens-S7-1500/Unixtime.scl
SCL Header:
FUNCTION "Unixtime" : DWord
{ S7_Optimized_Access := 'FALSE' }
VERSION : 0.1
   VAR_TEMP
      leapyears : Int;
...

Test Output:
Transpilation: FAILED

==================================================

Summary: 2 Passed, 88 Failed.
