Test Run Start: scl_test/Step7_Functions/All Functions/Data Structures/Linked List.scl
==================================================

TEST: scl_test/Step7_Functions/All Functions/Data Structures/Linked List.scl
--------------------------------------------------
Expectation: Transpilation and Unit Test should pass.
SCL File: scl_test/Step7_Functions/All Functions/Data Structures/Linked List.scl
SCL Header:
TYPE "Linked List: Node: Data"
VERSION : 0.1
   STRUCT
      place_holder : Int;
   END_STRUCT;
...

Test Output:
Transpilation: SUCCESS
E
======================================================================
ERROR: test_run (__main__.Test_Linked_List.test_run)
----------------------------------------------------------------------
Traceback (most recent call last):
  File "/app/scl_test/tests/test_Linked_List.py", line 78, in test_run
    'node': transpiled_module.Linked_List__Node(),
            ^^^^^^^^^^^^^^^^^^^^^^^^^^^^^^^^^^^^^
  File "/app/scl_test/transpiled/Linked_List.py", line 20, in __init__
    self.meta = Linked_List__Node__Meta()
                ^^^^^^^^^^^^^^^^^^^^^^^^^
  File "/app/scl_test/transpiled/Linked_List.py", line 11, in __init__
    self.key = context['NULL_TOKEN']
               ^^^^^^^
NameError: name 'context' is not defined

----------------------------------------------------------------------
Ran 1 test in 0.030s

FAILED (errors=1)

RESULT: FAILED

==================================================

Summary: 0 Passed, 1 Failed.
